c:\users\justin\desktop\trash\csgo-base-main\strayfaded\debug\vc143.pdb
c:\users\justin\desktop\trash\csgo-base-main\strayfaded\debug\vc143.idb
c:\users\justin\desktop\trash\csgo-base-main\strayfaded\debug\imgui_widgets.obj
c:\users\justin\desktop\trash\csgo-base-main\strayfaded\debug\imgui_impl_win32.obj
c:\users\justin\desktop\trash\csgo-base-main\strayfaded\debug\imgui_impl_dx9.obj
c:\users\justin\desktop\trash\csgo-base-main\strayfaded\debug\imgui_draw.obj
c:\users\justin\desktop\trash\csgo-base-main\strayfaded\debug\imgui_demo.obj
c:\users\justin\desktop\trash\csgo-base-main\strayfaded\debug\imgui.obj
c:\users\justin\desktop\trash\csgo-base-main\strayfaded\debug\hook.obj
c:\users\justin\desktop\trash\csgo-base-main\strayfaded\debug\drawing.obj
c:\users\justin\desktop\trash\csgo-base-main\strayfaded\debug\dllmain.obj
c:\users\justin\desktop\trash\csgo-base-main\strayfaded\debug\directx.obj
c:\users\justin\desktop\trash\csgo-base-main\strayfaded\debug\localplayer.obj
c:\users\justin\desktop\trash\csgo-base-main\strayfaded\debug\engine.obj
c:\users\justin\desktop\trash\csgo-base-main\strayfaded\debug\bhop.obj
c:\users\justin\desktop\trash\csgo-base-main\strayfaded\debug\triggerbot.obj
c:\users\justin\desktop\trash\csgo-base-main\strayfaded\debug\entity.obj
c:\users\justin\desktop\trash\csgo-base-main\debug\dll.dll
c:\users\justin\desktop\trash\csgo-base-main\debug\dll.pdb
c:\users\justin\desktop\trash\csgo-base-main\strayfaded\debug\dll.tlog\cl.command.1.tlog
c:\users\justin\desktop\trash\csgo-base-main\strayfaded\debug\dll.tlog\cl.read.1.tlog
c:\users\justin\desktop\trash\csgo-base-main\strayfaded\debug\dll.tlog\cl.write.1.tlog
c:\users\justin\desktop\trash\csgo-base-main\strayfaded\debug\dll.tlog\link.command.1.tlog
c:\users\justin\desktop\trash\csgo-base-main\strayfaded\debug\dll.tlog\link.read.1.tlog
c:\users\justin\desktop\trash\csgo-base-main\strayfaded\debug\dll.tlog\link.write.1.tlog
